2026-04-30 01:46:36.628 [restartedMain] INFO  com.skytrust.SkyTrustApplication - Starting SkyTrustApplication using Java 17.0.17 on MSI with PID 6516 (D:\Real Projects\SkyTrust\SkyTrust2026.4.11\SkyTrust2026.4.11\backend\target\classes started by xiaolizi1207 in D:\Real Projects\SkyTrust\SkyTrust2026.4.11\SkyTrust2026.4.11)
2026-04-30 01:46:36.631 [restartedMain] DEBUG com.skytrust.SkyTrustApplication - Running with Spring Boot v2.7.15, Spring v5.3.29
2026-04-30 01:46:36.631 [restartedMain] INFO  com.skytrust.SkyTrustApplication - The following 1 profile is active: "dev"
2026-04-30 01:46:36.673 [restartedMain] INFO  o.s.b.d.e.DevToolsPropertyDefaultsPostProcessor - Devtools property defaults active! Set 'spring.devtools.add-properties' to 'false' to disable
2026-04-30 01:46:36.673 [restartedMain] INFO  o.s.b.d.e.DevToolsPropertyDefaultsPostProcessor - For additional web related logging consider setting the 'logging.level.web' property to 'DEBUG'
2026-04-30 01:46:37.420 [restartedMain] INFO  o.s.d.r.c.RepositoryConfigurationDelegate - Multiple Spring Data modules found, entering strict repository configuration mode
2026-04-30 01:46:37.422 [restartedMain] INFO  o.s.d.r.c.RepositoryConfigurationDelegate - Bootstrapping Spring Data Redis repositories in DEFAULT mode.
2026-04-30 01:46:37.444 [restartedMain] INFO  o.s.d.r.c.RepositoryConfigurationDelegate - Finished Spring Data repository scanning in 13 ms. Found 0 Redis repository interfaces.
2026-04-30 01:46:38.098 [restartedMain] INFO  o.s.c.s.PostProcessorRegistrationDelegate$BeanPostProcessorChecker - Bean 'methodSecurityConfig' of type [com.skytrust.config.MethodSecurityConfig$$EnhancerBySpringCGLIB$$d3961cb9] is not eligible for getting processed by all BeanPostProcessors (for example: not eligible for auto-proxying)
2026-04-30 01:46:38.364 [restartedMain] INFO  o.s.b.w.e.tomcat.TomcatWebServer - Tomcat initialized with port(s): 9090 (http)
2026-04-30 01:46:38.371 [restartedMain] INFO  o.a.catalina.core.StandardService - Starting service [Tomcat]
2026-04-30 01:46:38.372 [restartedMain] INFO  o.a.catalina.core.StandardEngine - Starting Servlet engine: [Apache Tomcat/9.0.79]
2026-04-30 01:46:38.436 [restartedMain] INFO  o.a.c.c.C.[Tomcat].[localhost].[/] - Initializing Spring embedded WebApplicationContext
2026-04-30 01:46:38.437 [restartedMain] INFO  o.s.b.w.s.c.ServletWebServerApplicationContext - Root WebApplicationContext: initialization completed in 1764 ms
2026-04-30 01:46:38.686 [restartedMain] INFO  com.zaxxer.hikari.HikariDataSource - HikariPool-1 - Starting...
2026-04-30 01:46:38.848 [restartedMain] INFO  com.zaxxer.hikari.HikariDataSource - HikariPool-1 - Start completed.
2026-04-30 01:46:39.345 [restartedMain] DEBUG c.s.c.filter.JwtAuthenticationFilter - Filter 'jwtAuthenticationFilter' configured for use
2026-04-30 01:46:39.875 [restartedMain] INFO  o.s.aop.framework.CglibAopProxy - Unable to proxy interface-implementing method [public final org.springframework.amqp.rabbit.connection.Connection org.springframework.amqp.rabbit.connection.CachingConnectionFactory.createConnection() throws org.springframework.amqp.AmqpException] because it is marked as final: Consider using interface-based JDK proxies instead!
2026-04-30 01:46:39.875 [restartedMain] INFO  o.s.aop.framework.CglibAopProxy - Unable to proxy interface-implementing method [public final void org.springframework.amqp.rabbit.connection.CachingConnectionFactory.destroy()] because it is marked as final: Consider using interface-based JDK proxies instead!
2026-04-30 01:46:39.913 [restartedMain] INFO  o.s.b.w.e.tomcat.TomcatWebServer - Tomcat started on port(s): 9090 (http) with context path ''
2026-04-30 01:46:39.919 [restartedMain] INFO  o.s.b.d.a.OptionalLiveReloadServer - LiveReload server is running on port 35729
2026-04-30 01:46:39.939 [restartedMain] INFO  com.skytrust.SkyTrustApplication - Started SkyTrustApplication in 3.627 seconds (JVM running for 4.413)
2026-04-30 01:46:39.954 [restartedMain] INFO  com.skytrust.config.DataInitializer - 开始初始化RBAC系统数据...
2026-04-30 01:46:39.954 [restartedMain] INFO  com.skytrust.config.DataInitializer - 初始化角色数据...
2026-04-30 01:46:40.065 [restartedMain] INFO  com.skytrust.config.DataInitializer - 角色已存在: roleCode=admin
2026-04-30 01:46:40.067 [restartedMain] INFO  com.skytrust.config.DataInitializer - 角色已存在: roleCode=user
2026-04-30 01:46:40.068 [restartedMain] INFO  com.skytrust.config.DataInitializer - 角色已存在: roleCode=pilot
2026-04-30 01:46:40.068 [restartedMain] INFO  com.skytrust.config.DataInitializer - 初始化菜单数据...
2026-04-30 01:46:40.078 [restartedMain] INFO  com.skytrust.config.DataInitializer - 菜单数据已存在，跳过初始化
2026-04-30 01:46:40.078 [restartedMain] INFO  com.skytrust.config.DataInitializer - 迁移现有用户角色数据...
2026-04-30 01:46:40.087 [restartedMain] DEBUG c.s.service.impl.RoleServiceImpl - 根据角色代码获取角色: roleCode=user
2026-04-30 01:46:40.098 [restartedMain] DEBUG c.s.service.impl.UserRoleServiceImpl - 获取用户的角色ID列表: userId=2048776943688699906
2026-04-30 01:46:40.105 [restartedMain] DEBUG com.skytrust.config.DataInitializer - 用户角色已存在: userId=2048776943688699906, roleId=2041887487458021377
2026-04-30 01:46:40.106 [restartedMain] INFO  com.skytrust.config.DataInitializer - 用户角色数据迁移完成，共迁移0个用户
2026-04-30 01:46:40.106 [restartedMain] INFO  com.skytrust.config.DataInitializer - RBAC系统数据初始化完成
2026-04-30 01:46:40.108 [restartedMain] INFO  com.skytrust.SkyTrustApplication - ==============================================
2026-04-30 01:46:40.108 [restartedMain] INFO  com.skytrust.SkyTrustApplication -     SkyTrust 无人机平台 启动成功！
2026-04-30 01:46:40.108 [restartedMain] INFO  com.skytrust.SkyTrustApplication -     前端开发地址：http://localhost:3000 
2026-04-30 01:46:40.109 [restartedMain] INFO  com.skytrust.SkyTrustApplication - ==============================================
2026-04-30 01:46:40.426 [RMI TCP Connection(2)-10.150.51.3] INFO  o.s.a.r.c.CachingConnectionFactory - Attempting to connect to: [localhost:5672]
2026-04-30 01:46:40.430 [RMI TCP Connection(1)-10.150.51.3] INFO  o.a.c.c.C.[Tomcat].[localhost].[/] - Initializing Spring DispatcherServlet 'dispatcherServlet'
2026-04-30 01:46:40.430 [RMI TCP Connection(1)-10.150.51.3] INFO  o.s.web.servlet.DispatcherServlet - Initializing Servlet 'dispatcherServlet'
2026-04-30 01:46:40.431 [RMI TCP Connection(1)-10.150.51.3] DEBUG o.s.web.servlet.DispatcherServlet - Detected StandardServletMultipartResolver
2026-04-30 01:46:40.432 [RMI TCP Connection(1)-10.150.51.3] DEBUG o.s.web.servlet.DispatcherServlet - Detected AcceptHeaderLocaleResolver
2026-04-30 01:46:40.433 [RMI TCP Connection(1)-10.150.51.3] DEBUG o.s.web.servlet.DispatcherServlet - Detected FixedThemeResolver
2026-04-30 01:46:40.448 [RMI TCP Connection(2)-10.150.51.3] WARN  o.s.b.a.amqp.RabbitHealthIndicator - Rabbit health check failed
org.springframework.amqp.AmqpConnectException: java.net.ConnectException: Connection refused: getsockopt
	at org.springframework.amqp.rabbit.support.RabbitExceptionTranslator.convertRabbitAccessException(RabbitExceptionTranslator.java:61)
	at org.springframework.amqp.rabbit.connection.AbstractConnectionFactory.createBareConnection(AbstractConnectionFactory.java:603)
	at org.springframework.amqp.rabbit.connection.CachingConnectionFactory.createConnection(CachingConnectionFactory.java:725)
	at org.springframework.amqp.rabbit.connection.ConnectionFactoryUtils.createConnection(ConnectionFactoryUtils.java:252)
	at org.springframework.amqp.rabbit.core.RabbitTemplate.doExecute(RabbitTemplate.java:2210)
	at org.springframework.amqp.rabbit.core.RabbitTemplate.execute(RabbitTemplate.java:2183)
	at org.springframework.amqp.rabbit.core.RabbitTemplate.execute(RabbitTemplate.java:2163)
	at org.springframework.boot.actuate.amqp.RabbitHealthIndicator.getVersion(RabbitHealthIndicator.java:49)
	at org.springframework.boot.actuate.amqp.RabbitHealthIndicator.doHealthCheck(RabbitHealthIndicator.java:44)
	at org.springframework.boot.actuate.health.AbstractHealthIndicator.health(AbstractHealthIndicator.java:82)
	at org.springframework.boot.actuate.health.HealthIndicator.getHealth(HealthIndicator.java:37)
	at org.springframework.boot.actuate.health.HealthEndpoint.getHealth(HealthEndpoint.java:94)
	at org.springframework.boot.actuate.health.HealthEndpoint.getHealth(HealthEndpoint.java:41)
	at org.springframework.boot.actuate.health.HealthEndpointSupport.getLoggedHealth(HealthEndpointSupport.java:172)
	at org.springframework.boot.actuate.health.HealthEndpointSupport.getContribution(HealthEndpointSupport.java:145)
	at org.springframework.boot.actuate.health.HealthEndpointSupport.getAggregateContribution(HealthEndpointSupport.java:156)
	at org.springframework.boot.actuate.health.HealthEndpointSupport.getContribution(HealthEndpointSupport.java:141)
	at org.springframework.boot.actuate.health.HealthEndpointSupport.getHealth(HealthEndpointSupport.java:110)
	at org.springframework.boot.actuate.health.HealthEndpointSupport.getHealth(HealthEndpointSupport.java:81)
	at org.springframework.boot.actuate.health.HealthEndpoint.health(HealthEndpoint.java:88)
	at org.springframework.boot.actuate.health.HealthEndpoint.health(HealthEndpoint.java:78)
	at java.base/jdk.internal.reflect.NativeMethodAccessorImpl.invoke0(Native Method)
	at java.base/jdk.internal.reflect.NativeMethodAccessorImpl.invoke(NativeMethodAccessorImpl.java:77)
	at java.base/jdk.internal.reflect.DelegatingMethodAccessorImpl.invoke(DelegatingMethodAccessorImpl.java:43)
	at java.base/java.lang.reflect.Method.invoke(Method.java:569)
	at org.springframework.util.ReflectionUtils.invokeMethod(ReflectionUtils.java:282)
	at org.springframework.boot.actuate.endpoint.invoke.reflect.ReflectiveOperationInvoker.invoke(ReflectiveOperationInvoker.java:74)
	at org.springframework.boot.actuate.endpoint.annotation.AbstractDiscoveredOperation.invoke(AbstractDiscoveredOperation.java:60)
	at org.springframework.boot.actuate.endpoint.jmx.EndpointMBean.invoke(EndpointMBean.java:124)
	at org.springframework.boot.actuate.endpoint.jmx.EndpointMBean.invoke(EndpointMBean.java:97)
	at java.management/com.sun.jmx.interceptor.DefaultMBeanServerInterceptor.invoke(DefaultMBeanServerInterceptor.java:814)
	at java.management/com.sun.jmx.mbeanserver.JmxMBeanServer.invoke(JmxMBeanServer.java:802)
	at java.management.rmi/javax.management.remote.rmi.RMIConnectionImpl.doOperation(RMIConnectionImpl.java:1472)
	at java.management.rmi/javax.management.remote.rmi.RMIConnectionImpl$PrivilegedOperation.run(RMIConnectionImpl.java:1310)
	at java.management.rmi/javax.management.remote.rmi.RMIConnectionImpl.doPrivilegedOperation(RMIConnectionImpl.java:1405)
	at java.management.rmi/javax.management.remote.rmi.RMIConnectionImpl.invoke(RMIConnectionImpl.java:829)
	at java.base/jdk.internal.reflect.GeneratedMethodAccessor18.invoke(Unknown Source)
	at java.base/jdk.internal.reflect.DelegatingMethodAccessorImpl.invoke(DelegatingMethodAccessorImpl.java:43)
	at java.base/java.lang.reflect.Method.invoke(Method.java:569)
	at java.rmi/sun.rmi.server.UnicastServerRef.dispatch(UnicastServerRef.java:360)
	at java.rmi/sun.rmi.transport.Transport$1.run(Transport.java:200)
	at java.rmi/sun.rmi.transport.Transport$1.run(Transport.java:197)
	at java.base/java.security.AccessController.doPrivileged(AccessController.java:712)
	at java.rmi/sun.rmi.transport.Transport.serviceCall(Transport.java:196)
	at java.rmi/sun.rmi.transport.tcp.TCPTransport.handleMessages(TCPTransport.java:587)
	at java.rmi/sun.rmi.transport.tcp.TCPTransport$ConnectionHandler.run0(TCPTransport.java:828)
	at java.rmi/sun.rmi.transport.tcp.TCPTransport$ConnectionHandler.lambda$run$0(TCPTransport.java:705)
	at java.base/java.security.AccessController.doPrivileged(AccessController.java:399)
	at java.rmi/sun.rmi.transport.tcp.TCPTransport$ConnectionHandler.run(TCPTransport.java:704)
	at java.base/java.util.concurrent.ThreadPoolExecutor.runWorker(ThreadPoolExecutor.java:1136)
	at java.base/java.util.concurrent.ThreadPoolExecutor$Worker.run(ThreadPoolExecutor.java:635)
	at java.base/java.lang.Thread.run(Thread.java:840)
Caused by: java.net.ConnectException: Connection refused: getsockopt
	at java.base/sun.nio.ch.Net.pollConnect(Native Method)
	at java.base/sun.nio.ch.Net.pollConnectNow(Net.java:672)
	at java.base/sun.nio.ch.NioSocketImpl.timedFinishConnect(NioSocketImpl.java:547)
	at java.base/sun.nio.ch.NioSocketImpl.connect(NioSocketImpl.java:602)
	at java.base/java.net.SocksSocketImpl.connect(SocksSocketImpl.java:327)
	at java.base/java.net.Socket.connect(Socket.java:633)
	at com.rabbitmq.client.impl.SocketFrameHandlerFactory.create(SocketFrameHandlerFactory.java:62)
	at com.rabbitmq.client.ConnectionFactory.newConnection(ConnectionFactory.java:1234)
	at com.rabbitmq.client.ConnectionFactory.newConnection(ConnectionFactory.java:1184)
	at org.springframework.amqp.rabbit.connection.AbstractConnectionFactory.connectAddresses(AbstractConnectionFactory.java:641)
	at org.springframework.amqp.rabbit.connection.AbstractConnectionFactory.connect(AbstractConnectionFactory.java:616)
	at org.springframework.amqp.rabbit.connection.AbstractConnectionFactory.createBareConnection(AbstractConnectionFactory.java:566)
	... 50 common frames omitted
2026-04-30 01:46:40.525 [RMI TCP Connection(1)-10.150.51.3] DEBUG o.s.w.s.m.m.a.RequestMappingHandlerMapping - 232 mappings in 'requestMappingHandlerMapping'
2026-04-30 01:46:40.554 [RMI TCP Connection(1)-10.150.51.3] DEBUG o.s.w.s.h.SimpleUrlHandlerMapping - Patterns [/webjars/**, /**, /swagger-ui*/*swagger-initializer.js, /swagger-ui*/**] in 'resourceHandlerMapping'
2026-04-30 01:46:40.581 [RMI TCP Connection(1)-10.150.51.3] INFO  o.s.b.a.e.web.EndpointLinksResolver - Exposing 3 endpoint(s) beneath base path '/actuator'
2026-04-30 01:46:40.628 [RMI TCP Connection(1)-10.150.51.3] DEBUG o.s.w.s.m.m.a.RequestMappingHandlerAdapter - ControllerAdvice beans: 0 @ModelAttribute, 0 @InitBinder, 1 RequestBodyAdvice, 2 ResponseBodyAdvice
2026-04-30 01:46:40.659 [RMI TCP Connection(1)-10.150.51.3] DEBUG o.s.w.s.m.m.a.ExceptionHandlerExceptionResolver - ControllerAdvice beans: 2 @ExceptionHandler, 2 ResponseBodyAdvice
2026-04-30 01:46:40.662 [RMI TCP Connection(1)-10.150.51.3] DEBUG o.s.web.servlet.DispatcherServlet - Detected org.springframework.web.servlet.view.DefaultRequestToViewNameTranslator@6e3c7d4e
2026-04-30 01:46:40.674 [RMI TCP Connection(1)-10.150.51.3] DEBUG o.s.web.servlet.DispatcherServlet - Detected org.springframework.web.servlet.support.SessionFlashMapManager@5183718c
2026-04-30 01:46:40.674 [RMI TCP Connection(1)-10.150.51.3] DEBUG o.s.web.servlet.DispatcherServlet - enableLoggingRequestDetails='false': request parameters and headers will be masked to prevent unsafe logging of potentially sensitive data
2026-04-30 01:46:40.674 [RMI TCP Connection(1)-10.150.51.3] INFO  o.s.web.servlet.DispatcherServlet - Completed initialization in 244 ms
2026-04-30 01:47:42.227 [http-nio-9090-exec-1] INFO  o.s.aop.framework.CglibAopProxy - Unable to proxy interface-implementing method [public final void org.springframework.web.filter.OncePerRequestFilter.doFilter(javax.servlet.ServletRequest,javax.servlet.ServletResponse,javax.servlet.FilterChain) throws javax.servlet.ServletException,java.io.IOException] because it is marked as final: Consider using interface-based JDK proxies instead!
2026-04-30 01:47:42.227 [http-nio-9090-exec-1] INFO  o.s.aop.framework.CglibAopProxy - Unable to proxy interface-implementing method [public final void org.springframework.web.filter.GenericFilterBean.init(javax.servlet.FilterConfig) throws javax.servlet.ServletException] because it is marked as final: Consider using interface-based JDK proxies instead!
2026-04-30 01:47:42.356 [http-nio-9090-exec-1] INFO  o.s.s.web.DefaultSecurityFilterChain - Will secure any request with [org.springframework.security.web.session.DisableEncodeUrlFilter@7459ced6, org.springframework.security.web.context.request.async.WebAsyncManagerIntegrationFilter@385833b, org.springframework.security.web.context.SecurityContextPersistenceFilter@630cbd3f, org.springframework.security.web.header.HeaderWriterFilter@56667c22, org.springframework.web.filter.CorsFilter@33711bf5, org.springframework.security.web.authentication.logout.LogoutFilter@3fab1d7d, com.skytrust.config.filter.JwtAuthenticationFilter@962cb72, org.springframework.security.web.savedrequest.RequestCacheAwareFilter@4a025ddf, org.springframework.security.web.servletapi.SecurityContextHolderAwareRequestFilter@6814bac5, org.springframework.security.web.authentication.AnonymousAuthenticationFilter@135ec6bc, org.springframework.security.web.session.SessionManagementFilter@4702d734, org.springframework.security.web.access.ExceptionTranslationFilter@459474c4, org.springframework.security.web.access.intercept.FilterSecurityInterceptor@ebbbafd]
2026-04-30 01:47:42.479 [http-nio-9090-exec-1] DEBUG c.s.c.filter.JwtAuthenticationFilter - JWT令牌解析失败: JWT expired 172105478 milliseconds ago at 2026-04-27T17:59:17.000Z. Current time: 2026-04-29T17:47:42.478Z. Allowed clock skew: 0 milliseconds.
2026-04-30 01:47:54.676 [http-nio-9090-exec-3] DEBUG c.s.c.filter.JwtAuthenticationFilter - JWT令牌解析失败: JWT expired 172117675 milliseconds ago at 2026-04-27T17:59:17.000Z. Current time: 2026-04-29T17:47:54.675Z. Allowed clock skew: 0 milliseconds.
2026-04-30 01:47:54.676 [http-nio-9090-exec-2] DEBUG c.s.c.filter.JwtAuthenticationFilter - JWT令牌解析失败: JWT expired 172117675 milliseconds ago at 2026-04-27T17:59:17.000Z. Current time: 2026-04-29T17:47:54.675Z. Allowed clock skew: 0 milliseconds.
2026-04-30 01:48:05.630 [http-nio-9090-exec-5] DEBUG c.s.c.filter.JwtAuthenticationFilter - JWT令牌解析失败: JWT expired 172128629 milliseconds ago at 2026-04-27T17:59:17.000Z. Current time: 2026-04-29T17:48:05.629Z. Allowed clock skew: 0 milliseconds.
2026-04-30 01:48:06.833 [http-nio-9090-exec-7] DEBUG c.s.c.filter.JwtAuthenticationFilter - JWT令牌解析失败: JWT expired 172129833 milliseconds ago at 2026-04-27T17:59:17.000Z. Current time: 2026-04-29T17:48:06.833Z. Allowed clock skew: 0 milliseconds.
2026-04-30 01:48:14.285 [http-nio-9090-exec-4] DEBUG c.s.c.filter.JwtAuthenticationFilter - JWT令牌解析失败: JWT expired 172137285 milliseconds ago at 2026-04-27T17:59:17.000Z. Current time: 2026-04-29T17:48:14.285Z. Allowed clock skew: 0 milliseconds.
2026-04-30 01:48:14.287 [http-nio-9090-exec-8] DEBUG c.s.c.filter.JwtAuthenticationFilter - JWT令牌解析失败: JWT expired 172137287 milliseconds ago at 2026-04-27T17:59:17.000Z. Current time: 2026-04-29T17:48:14.287Z. Allowed clock skew: 0 milliseconds.
2026-04-30 02:00:00.002 [scheduling-1] INFO  c.s.s.impl.TokenBlacklistServiceImpl - 令牌黑名单清理任务执行完成（Redis自动过期）
2026-04-30 02:17:12.954 [http-nio-9090-exec-6] DEBUG c.s.c.filter.JwtAuthenticationFilter - JWT令牌解析失败: JWT expired 173875953 milliseconds ago at 2026-04-27T17:59:17.000Z. Current time: 2026-04-29T18:17:12.953Z. Allowed clock skew: 0 milliseconds.
2026-04-30 02:17:19.744 [http-nio-9090-exec-9] DEBUG c.s.c.filter.JwtAuthenticationFilter - JWT令牌解析失败: JWT expired 173882743 milliseconds ago at 2026-04-27T17:59:17.000Z. Current time: 2026-04-29T18:17:19.743Z. Allowed clock skew: 0 milliseconds.
2026-04-30 02:26:53.213 [http-nio-9090-exec-10] DEBUG c.s.c.filter.JwtAuthenticationFilter - JWT令牌解析失败: JWT expired 174456212 milliseconds ago at 2026-04-27T17:59:17.000Z. Current time: 2026-04-29T18:26:53.212Z. Allowed clock skew: 0 milliseconds.
2026-04-30 02:27:01.682 [http-nio-9090-exec-1] DEBUG c.s.c.filter.JwtAuthenticationFilter - JWT令牌解析失败: JWT expired 174464682 milliseconds ago at 2026-04-27T17:59:17.000Z. Current time: 2026-04-29T18:27:01.682Z. Allowed clock skew: 0 milliseconds.
2026-04-30 02:27:01.682 [http-nio-9090-exec-3] DEBUG c.s.c.filter.JwtAuthenticationFilter - JWT令牌解析失败: JWT expired 174464682 milliseconds ago at 2026-04-27T17:59:17.000Z. Current time: 2026-04-29T18:27:01.682Z. Allowed clock skew: 0 milliseconds.
2026-04-30 02:27:19.342 [http-nio-9090-exec-2] DEBUG c.s.c.filter.JwtAuthenticationFilter - JWT令牌解析失败: JWT expired 174482342 milliseconds ago at 2026-04-27T17:59:17.000Z. Current time: 2026-04-29T18:27:19.342Z. Allowed clock skew: 0 milliseconds.
2026-04-30 02:27:21.534 [http-nio-9090-exec-5] DEBUG c.s.c.filter.JwtAuthenticationFilter - JWT令牌解析失败: JWT expired 174484534 milliseconds ago at 2026-04-27T17:59:17.000Z. Current time: 2026-04-29T18:27:21.534Z. Allowed clock skew: 0 milliseconds.
2026-04-30 02:27:22.759 [http-nio-9090-exec-7] DEBUG c.s.c.filter.JwtAuthenticationFilter - JWT令牌解析失败: JWT expired 174485759 milliseconds ago at 2026-04-27T17:59:17.000Z. Current time: 2026-04-29T18:27:22.759Z. Allowed clock skew: 0 milliseconds.
2026-04-30 02:27:23.228 [http-nio-9090-exec-8] DEBUG c.s.c.filter.JwtAuthenticationFilter - JWT令牌解析失败: JWT expired 174486226 milliseconds ago at 2026-04-27T17:59:17.000Z. Current time: 2026-04-29T18:27:23.226Z. Allowed clock skew: 0 milliseconds.
2026-04-30 02:27:23.228 [http-nio-9090-exec-4] DEBUG c.s.c.filter.JwtAuthenticationFilter - JWT令牌解析失败: JWT expired 174486228 milliseconds ago at 2026-04-27T17:59:17.000Z. Current time: 2026-04-29T18:27:23.228Z. Allowed clock skew: 0 milliseconds.
2026-04-30 02:27:51.364 [http-nio-9090-exec-6] DEBUG c.s.c.filter.JwtAuthenticationFilter - JWT令牌解析失败: JWT expired 174514364 milliseconds ago at 2026-04-27T17:59:17.000Z. Current time: 2026-04-29T18:27:51.364Z. Allowed clock skew: 0 milliseconds.
2026-04-30 02:27:51.364 [http-nio-9090-exec-9] DEBUG c.s.c.filter.JwtAuthenticationFilter - JWT令牌解析失败: JWT expired 174514364 milliseconds ago at 2026-04-27T17:59:17.000Z. Current time: 2026-04-29T18:27:51.364Z. Allowed clock skew: 0 milliseconds.
2026-04-30 02:28:30.114 [http-nio-9090-exec-1] DEBUG c.s.c.filter.JwtAuthenticationFilter - JWT令牌解析失败: JWT expired 174553114 milliseconds ago at 2026-04-27T17:59:17.000Z. Current time: 2026-04-29T18:28:30.114Z. Allowed clock skew: 0 milliseconds.
2026-04-30 02:28:30.114 [http-nio-9090-exec-10] DEBUG c.s.c.filter.JwtAuthenticationFilter - JWT令牌解析失败: JWT expired 174553114 milliseconds ago at 2026-04-27T17:59:17.000Z. Current time: 2026-04-29T18:28:30.114Z. Allowed clock skew: 0 milliseconds.
2026-04-30 02:30:49.106 [http-nio-9090-exec-3] DEBUG c.s.c.filter.JwtAuthenticationFilter - JWT令牌解析失败: JWT expired 174692106 milliseconds ago at 2026-04-27T17:59:17.000Z. Current time: 2026-04-29T18:30:49.106Z. Allowed clock skew: 0 milliseconds.
2026-04-30 02:45:08.769 [http-nio-9090-exec-5] DEBUG c.s.c.filter.JwtAuthenticationFilter - JWT令牌解析失败: JWT expired 175551769 milliseconds ago at 2026-04-27T17:59:17.000Z. Current time: 2026-04-29T18:45:08.769Z. Allowed clock skew: 0 milliseconds.
2026-04-30 02:45:08.769 [http-nio-9090-exec-2] DEBUG c.s.c.filter.JwtAuthenticationFilter - JWT令牌解析失败: JWT expired 175551769 milliseconds ago at 2026-04-27T17:59:17.000Z. Current time: 2026-04-29T18:45:08.769Z. Allowed clock skew: 0 milliseconds.
2026-04-30 02:45:18.907 [http-nio-9090-exec-7] DEBUG c.s.c.filter.JwtAuthenticationFilter - JWT令牌解析失败: JWT expired 175561906 milliseconds ago at 2026-04-27T17:59:17.000Z. Current time: 2026-04-29T18:45:18.906Z. Allowed clock skew: 0 milliseconds.
2026-04-30 02:45:28.086 [http-nio-9090-exec-8] DEBUG c.s.c.filter.JwtAuthenticationFilter - JWT令牌解析失败: JWT expired 175571086 milliseconds ago at 2026-04-27T17:59:17.000Z. Current time: 2026-04-29T18:45:28.086Z. Allowed clock skew: 0 milliseconds.
2026-04-30 02:45:30.310 [http-nio-9090-exec-4] DEBUG c.s.c.filter.JwtAuthenticationFilter - JWT令牌解析失败: JWT expired 175573310 milliseconds ago at 2026-04-27T17:59:17.000Z. Current time: 2026-04-29T18:45:30.310Z. Allowed clock skew: 0 milliseconds.
2026-04-30 02:47:51.917 [http-nio-9090-exec-9] DEBUG c.s.c.filter.JwtAuthenticationFilter - JWT令牌解析失败: JWT expired 175714917 milliseconds ago at 2026-04-27T17:59:17.000Z. Current time: 2026-04-29T18:47:51.917Z. Allowed clock skew: 0 milliseconds.
2026-04-30 02:47:56.473 [http-nio-9090-exec-6] DEBUG c.s.c.filter.JwtAuthenticationFilter - JWT令牌解析失败: JWT expired 175719472 milliseconds ago at 2026-04-27T17:59:17.000Z. Current time: 2026-04-29T18:47:56.472Z. Allowed clock skew: 0 milliseconds.
2026-04-30 02:47:56.473 [http-nio-9090-exec-10] DEBUG c.s.c.filter.JwtAuthenticationFilter - JWT令牌解析失败: JWT expired 175719473 milliseconds ago at 2026-04-27T17:59:17.000Z. Current time: 2026-04-29T18:47:56.473Z. Allowed clock skew: 0 milliseconds.
2026-04-30 02:48:02.414 [http-nio-9090-exec-1] DEBUG c.s.c.filter.JwtAuthenticationFilter - JWT令牌解析失败: JWT expired 175725414 milliseconds ago at 2026-04-27T17:59:17.000Z. Current time: 2026-04-29T18:48:02.414Z. Allowed clock skew: 0 milliseconds.
2026-04-30 02:48:08.643 [http-nio-9090-exec-3] DEBUG c.s.c.filter.JwtAuthenticationFilter - JWT令牌解析失败: JWT expired 175731643 milliseconds ago at 2026-04-27T17:59:17.000Z. Current time: 2026-04-29T18:48:08.643Z. Allowed clock skew: 0 milliseconds.
2026-04-30 02:48:08.643 [http-nio-9090-exec-5] DEBUG c.s.c.filter.JwtAuthenticationFilter - JWT令牌解析失败: JWT expired 175731643 milliseconds ago at 2026-04-27T17:59:17.000Z. Current time: 2026-04-29T18:48:08.643Z. Allowed clock skew: 0 milliseconds.
2026-04-30 02:48:11.510 [http-nio-9090-exec-2] DEBUG c.s.c.filter.JwtAuthenticationFilter - JWT令牌解析失败: JWT expired 175734510 milliseconds ago at 2026-04-27T17:59:17.000Z. Current time: 2026-04-29T18:48:11.510Z. Allowed clock skew: 0 milliseconds.
2026-04-30 02:49:21.631 [http-nio-9090-exec-7] DEBUG c.s.c.filter.JwtAuthenticationFilter - JWT令牌解析失败: JWT expired 175804631 milliseconds ago at 2026-04-27T17:59:17.000Z. Current time: 2026-04-29T18:49:21.631Z. Allowed clock skew: 0 milliseconds.
2026-04-30 03:01:42.579 [http-nio-9090-exec-8] DEBUG c.s.c.filter.JwtAuthenticationFilter - JWT令牌解析失败: JWT expired 176545578 milliseconds ago at 2026-04-27T17:59:17.000Z. Current time: 2026-04-29T19:01:42.578Z. Allowed clock skew: 0 milliseconds.
2026-04-30 03:01:56.102 [http-nio-9090-exec-4] DEBUG c.s.c.filter.JwtAuthenticationFilter - JWT令牌解析失败: JWT expired 176559102 milliseconds ago at 2026-04-27T17:59:17.000Z. Current time: 2026-04-29T19:01:56.102Z. Allowed clock skew: 0 milliseconds.
2026-04-30 03:24:35.552 [http-nio-9090-exec-9] DEBUG c.s.c.filter.JwtAuthenticationFilter - JWT令牌解析失败: JWT expired 177918552 milliseconds ago at 2026-04-27T17:59:17.000Z. Current time: 2026-04-29T19:24:35.552Z. Allowed clock skew: 0 milliseconds.
2026-04-30 03:24:37.109 [http-nio-9090-exec-6] DEBUG c.s.c.filter.JwtAuthenticationFilter - JWT令牌解析失败: JWT expired 177920109 milliseconds ago at 2026-04-27T17:59:17.000Z. Current time: 2026-04-29T19:24:37.109Z. Allowed clock skew: 0 milliseconds.
2026-04-30 03:24:37.112 [http-nio-9090-exec-10] DEBUG c.s.c.filter.JwtAuthenticationFilter - JWT令牌解析失败: JWT expired 177920112 milliseconds ago at 2026-04-27T17:59:17.000Z. Current time: 2026-04-29T19:24:37.112Z. Allowed clock skew: 0 milliseconds.
